<?xml version="1.0" encoding="UTF-8"?>
<testng-results skipped="0" failed="0" ignored="0" total="1" passed="1">
  <reporter-output>
  </reporter-output>
  <suite name="Default suite" duration-ms="15222" started-at="2023-05-31T23:28:50 IST" finished-at="2023-05-31T23:29:05 IST">
    <groups>
    </groups>
    <test name="Default test" duration-ms="15222" started-at="2023-05-31T23:28:50 IST" finished-at="2023-05-31T23:29:05 IST">
      <class name="SeleniumDemo.AutoSuggestElements">
        <test-method status="PASS" signature="testCase1()[pri:0, instance:SeleniumDemo.AutoSuggestElements@24a35978]" name="testCase1" duration-ms="15141" started-at="2023-05-31T23:28:50 IST" finished-at="2023-05-31T23:29:05 IST">
          <reporter-output>
          </reporter-output>
        </test-method> <!-- testCase1 -->
      </class> <!-- SeleniumDemo.AutoSuggestElements -->
    </test> <!-- Default test -->
  </suite> <!-- Default suite -->
</testng-results>
